[0m[ INFO] [1511647586.197340177]: ROS_INFO_STREAM:3 is divisible by 3.[0m
[33m[ WARN] [1511647586.397016289]: ROS_WARN_STREAM:5 is divisible by 5.[0m
[0m[ INFO] [1511647586.496868959]: ROS_INFO_STREAM:6 is divisible by 3.[0m
[0m[ INFO] [1511647586.797083488]: ROS_INFO_STREAM:9 is divisible by 3.[0m
[33m[ WARN] [1511647586.896814839]: ROS_WARN_STREAM:10 is divisible by 5.[0m
[31m[ERROR] [1511647586.896889538]: ROS_ERROR_STREAM:10 is divisible by 10.[0m
[0m[ INFO] [1511647587.096861824]: ROS_INFO_STREAM:12 is divisible by 3.[0m
[0m[ INFO] [1511647587.396709112]: ROS_INFO_STREAM:15 is divisible by 3.[0m
[33m[ WARN] [1511647587.396767506]: ROS_WARN_STREAM:15 is divisible by 5.[0m
[0m[ INFO] [1511647587.697059978]: ROS_INFO_STREAM:18 is divisible by 3.[0m
[33m[ WARN] [1511647587.897012429]: ROS_WARN_STREAM:20 is divisible by 5.[0m
[31m[ERROR] [1511647587.897072512]: ROS_ERROR_STREAM:20 is divisible by 10.[0m
[31m[FATAL] [1511647587.897091412]: ROS_FATAL_STREAM:20 is divisible by 20.[0m
[0m[ INFO] [1511647587.996755540]: ROS_INFO: 25.12[0m
[33m[ WARN] [1511647587.996839753]: ROS_WARN: 25.12[0m
[31m[ERROR] [1511647587.996866265]: ROS_ERROR: 25.12[0m
[31m[FATAL] [1511647587.996889944]: ROS_FATAL: 25.12[0m
[0m[ INFO] [1511647587.996910821]: ROS_INFO_ONCE: 25.12[0m
[33m[ WARN] [1511647587.996931032]: ROS_WARN_ONCE: 25.12[0m
[31m[ERROR] [1511647587.996950668]: ROS_ERROR_ONCE: 25.12[0m
[31m[FATAL] [1511647587.996982137]: ROS_FATAL_ONCE: 25.12[0m
[0m[ INFO] [1511647587.997011183]: ROS_INFO_STREAM_THROTTLE: 1.0 seconds[0m
[33m[ WARN] [1511647587.997033940]: ROS_WARN_STREAM_THROTTLE: 1.5 seconds[0m
[31m[ERROR] [1511647587.997054982]: ROS_ERROR_STREAM_THROTTLE: 2.0 seconds[0m
[31m[FATAL] [1511647587.997077472]: ROS_FATAL_STREAM_THROTTLE: 2.5 seconds[0m
[0m[ INFO] [1511647588.997037688]: ROS_INFO_STREAM_THROTTLE: 1.0 seconds[0m
[33m[ WARN] [1511647589.497064509]: ROS_WARN_STREAM_THROTTLE: 1.5 seconds[0m
[31m[ERROR] [1511647590.000746523]: ROS_ERROR_STREAM_THROTTLE: 2.0 seconds[0m
[0m[ INFO] [1511647590.002329683]: ROS_INFO_STREAM_THROTTLE: 1.0 seconds[0m
[31m[FATAL] [1511647590.497108382]: ROS_FATAL_STREAM_THROTTLE: 2.5 seconds[0m
[33m[ WARN] [1511647590.997072895]: ROS_WARN_STREAM_THROTTLE: 1.5 seconds[0m
[0m[ INFO] [1511647591.002337253]: ROS_INFO_STREAM_THROTTLE: 1.0 seconds[0m
[31m[ERROR] [1511647592.013271019]: ROS_ERROR_STREAM_THROTTLE: 2.0 seconds[0m
[0m[ INFO] [1511647592.014444360]: ROS_INFO_STREAM_THROTTLE: 1.0 seconds[0m
[33m[ WARN] [1511647592.497062501]: ROS_WARN_STREAM_THROTTLE: 1.5 seconds[0m
[31m[FATAL] [1511647593.001141512]: ROS_FATAL_STREAM_THROTTLE: 2.5 seconds[0m
[0m[ INFO] [1511647593.014449041]: ROS_INFO_STREAM_THROTTLE: 1.0 seconds[0m
[33m[ WARN] [1511647593.997066578]: ROS_WARN_STREAM_THROTTLE: 1.5 seconds[0m
[31m[ERROR] [1511647594.013296531]: ROS_ERROR_STREAM_THROTTLE: 2.0 seconds[0m
[0m[ INFO] [1511647594.014421496]: ROS_INFO_STREAM_THROTTLE: 1.0 seconds[0m
[0m[ INFO] [1511647595.014448255]: ROS_INFO_STREAM_THROTTLE: 1.0 seconds[0m
[31m[FATAL] [1511647595.501972893]: ROS_FATAL_STREAM_THROTTLE: 2.5 seconds[0m
[33m[ WARN] [1511647595.502334000]: ROS_WARN_STREAM_THROTTLE: 1.5 seconds[0m
[31m[ERROR] [1511647596.013207005]: ROS_ERROR_STREAM_THROTTLE: 2.0 seconds[0m
[0m[ INFO] [1511647596.014424290]: ROS_INFO_STREAM_THROTTLE: 1.0 seconds[0m
[33m[ WARN] [1511647597.002356205]: ROS_WARN_STREAM_THROTTLE: 1.5 seconds[0m
[0m[ INFO] [1511647597.014445664]: ROS_INFO_STREAM_THROTTLE: 1.0 seconds[0m
[31m[FATAL] [1511647598.001964538]: ROS_FATAL_STREAM_THROTTLE: 2.5 seconds[0m
[31m[ERROR] [1511647598.013183578]: ROS_ERROR_STREAM_THROTTLE: 2.0 seconds[0m
[0m[ INFO] [1511647598.014421140]: ROS_INFO_STREAM_THROTTLE: 1.0 seconds[0m
[33m[ WARN] [1511647598.502365860]: ROS_WARN_STREAM_THROTTLE: 1.5 seconds[0m
[0m[ INFO] [1511647599.015869171]: ROS_INFO_STREAM_THROTTLE: 1.0 seconds[0m
[33m[ WARN] [1511647600.007315778]: ROS_WARN_STREAM_THROTTLE: 1.5 seconds[0m
[31m[ERROR] [1511647600.015542923]: ROS_ERROR_STREAM_THROTTLE: 2.0 seconds[0m
[0m[ INFO] [1511647600.016367586]: ROS_INFO_STREAM_THROTTLE: 1.0 seconds[0m
[31m[FATAL] [1511647600.501963836]: ROS_FATAL_STREAM_THROTTLE: 2.5 seconds[0m
[0m[ INFO] [1511647601.016393564]: ROS_INFO_STREAM_THROTTLE: 1.0 seconds[0m
